0 info it worked if it ends with ok
1 verbose cli [ 'C:\\Program Files\\nodejs\\node.exe',
1 verbose cli   'C:\\Users\\jinanshshah\\AppData\\Roaming\\npm\\node_modules\\npm\\bin\\npm-cli.js',
1 verbose cli   'start' ]
2 info using npm@3.10.8
3 info using node@v8.11.2
4 verbose run-script [ 'prestart', 'start', 'poststart' ]
5 info lifecycle crudmongodbwithmongoose@0.0.0~prestart: crudmongodbwithmongoose@0.0.0
6 silly lifecycle crudmongodbwithmongoose@0.0.0~prestart: no script for prestart, continuing
7 info lifecycle crudmongodbwithmongoose@0.0.0~start: crudmongodbwithmongoose@0.0.0
8 verbose lifecycle crudmongodbwithmongoose@0.0.0~start: unsafe-perm in lifecycle true
9 verbose lifecycle crudmongodbwithmongoose@0.0.0~start: PATH: C:\Users\jinanshshah\AppData\Roaming\npm\node_modules\npm\bin\node-gyp-bin;C:\Users\jinanshshah\Desktop\mongodb\CRUDmongodbwithmongoose\node_modules\.bin;C:\Program Files\Microsoft MPI\Bin\;C:\oraclexe\app\oracle\product\10.2.0\server\bin;C:\WINDOWS\system32;C:\WINDOWS;C:\WINDOWS\System32\Wbem;C:\WINDOWS\System32\WindowsPowerShell\v1.0\;C:\Program Files (x86)\Intel\OpenCL SDK\2.0\bin\x86;C:\Program Files (x86)\Intel\OpenCL SDK\2.0\bin\x64;C:\Program Files\Microsoft SQL Server\110\Tools\Binn\;C:\Program Files (x86)\Heroku\bin;C:\Program Files (x86)\git\cmd;C:\Program Files\Java\jdk1.8.0_111\bin;C:\WINDOWS\system32\config\systemprofile\.dnx\bin;C:\Program Files\Microsoft DNX\Dnvm\;C:\Program Files\Microsoft SQL Server\130\Tools\Binn\;C:\Program Files\dotnet\;C:\Program Files (x86)\GtkSharp\2.12\bin;C:\wamp\bin\php\php5.4.12;C:\Program Files\Git\cmd;C:\Program Files\nodejs\;C:\WINDOWS\System32\OpenSSH\;C:\Program Files\Microsoft VS Code\bin;C:\Users\jinanshshah\AppData\Local\Microsoft\WindowsApps;C:\Program Files\Heroku\bin;C:\Users\jinanshshah\AppData\Roaming\npm;C:\Program Files\Microsoft VS Code\bin;C:\Program Files\MongoDB\Server\4.0\bin;C:\Dev-Cpp\bin;
10 verbose lifecycle crudmongodbwithmongoose@0.0.0~start: CWD: C:\Users\jinanshshah\Desktop\mongodb\CRUDmongodbwithmongoose
11 silly lifecycle crudmongodbwithmongoose@0.0.0~start: Args: [ '/d /s /c', 'node ./bin/www' ]
12 silly lifecycle crudmongodbwithmongoose@0.0.0~start: Returned: code: 1  signal: null
13 info lifecycle crudmongodbwithmongoose@0.0.0~start: Failed to exec start script
14 verbose stack Error: crudmongodbwithmongoose@0.0.0 start: `node ./bin/www`
14 verbose stack Exit status 1
14 verbose stack     at EventEmitter.<anonymous> (C:\Users\jinanshshah\AppData\Roaming\npm\node_modules\npm\lib\utils\lifecycle.js:255:16)
14 verbose stack     at emitTwo (events.js:126:13)
14 verbose stack     at EventEmitter.emit (events.js:214:7)
14 verbose stack     at ChildProcess.<anonymous> (C:\Users\jinanshshah\AppData\Roaming\npm\node_modules\npm\lib\utils\spawn.js:40:14)
14 verbose stack     at emitTwo (events.js:126:13)
14 verbose stack     at ChildProcess.emit (events.js:214:7)
14 verbose stack     at maybeClose (internal/child_process.js:925:16)
14 verbose stack     at Process.ChildProcess._handle.onexit (internal/child_process.js:209:5)
15 verbose pkgid crudmongodbwithmongoose@0.0.0
16 verbose cwd C:\Users\jinanshshah\Desktop\mongodb\CRUDmongodbwithmongoose
17 error Windows_NT 10.0.17134
18 error argv "C:\\Program Files\\nodejs\\node.exe" "C:\\Users\\jinanshshah\\AppData\\Roaming\\npm\\node_modules\\npm\\bin\\npm-cli.js" "start"
19 error node v8.11.2
20 error npm  v3.10.8
21 error code ELIFECYCLE
22 error crudmongodbwithmongoose@0.0.0 start: `node ./bin/www`
22 error Exit status 1
23 error Failed at the crudmongodbwithmongoose@0.0.0 start script 'node ./bin/www'.
23 error Make sure you have the latest version of node.js and npm installed.
23 error If you do, this is most likely a problem with the crudmongodbwithmongoose package,
23 error not with npm itself.
23 error Tell the author that this fails on your system:
23 error     node ./bin/www
23 error You can get information on how to open an issue for this project with:
23 error     npm bugs crudmongodbwithmongoose
23 error Or if that isn't available, you can get their info via:
23 error     npm owner ls crudmongodbwithmongoose
23 error There is likely additional logging output above.
24 verbose exit [ 1, true ]
